<?xml version="1.0" encoding="UTF-8"?>
<!-- Generated by org.testng.reporters.JUnitXMLReporter -->
<testsuite ignored="25" hostname="SIPL92" failures="1" tests="1" name="NetShipSmoke" time="127.851" errors="0" timestamp="2022-03-04T13:44:51 IST">
  <testcase classname="NetShipPackage.BaseInit" name="@AfterTest Logout" time="0.419">
    <failure type="org.openqa.selenium.NoSuchWindowException" message="no such window: window was already closed
  (Session info: chrome=98.0.4758.102)
Build info: version: &amp;apos;3.13.0&amp;apos;, revision: &amp;apos;2f0d292&amp;apos;, time: &amp;apos;2018-06-25T15:32:14.902Z&amp;apos;
System info: host: &amp;apos;SIPL92&amp;apos;, ip: &amp;apos;10.212.130.152&amp;apos;, os.name: &amp;apos;Windows 10&amp;apos;, os.arch: &amp;apos;amd64&amp;apos;, os.version: &amp;apos;10.0&amp;apos;, java.version: &amp;apos;16.0.2&amp;apos;
Driver info: org.openqa.selenium.chrome.ChromeDriver
Capabilities {acceptInsecureCerts: false, browserName: chrome, browserVersion: 98.0.4758.102, chrome: {chromedriverVersion: 98.0.4758.80 (7f0488e8ba0d8..., userDataDir: C:\Users\RPRAJA~1\AppData\L...}, goog:chromeOptions: {debuggerAddress: localhost:57371}, javascriptEnabled: true, networkConnectionEnabled: false, pageLoadStrategy: normal, platform: WINDOWS, platformName: WINDOWS, proxy: Proxy(), setWindowRect: true, strictFileInteractability: false, timeouts: {implicit: 0, pageLoad: 300000, script: 30000}, unhandledPromptBehavior: dismiss and notify, webauthn:extension:credBlob: true, webauthn:extension:largeBlob: true, webauthn:virtualAuthenticators: true}
Session ID: 2bbdec5126d7a4e5538582f00c0e8cbf
*** Element info: {Using=id, value=divUsername}">
      <![CDATA[org.openqa.selenium.NoSuchWindowException: no such window: window was already closed
  (Session info: chrome=98.0.4758.102)
Build info: version: '3.13.0', revision: '2f0d292', time: '2018-06-25T15:32:14.902Z'
System info: host: 'SIPL92', ip: '10.212.130.152', os.name: 'Windows 10', os.arch: 'amd64', os.version: '10.0', java.version: '16.0.2'
Driver info: org.openqa.selenium.chrome.ChromeDriver
Capabilities {acceptInsecureCerts: false, browserName: chrome, browserVersion: 98.0.4758.102, chrome: {chromedriverVersion: 98.0.4758.80 (7f0488e8ba0d8..., userDataDir: C:\Users\RPRAJA~1\AppData\L...}, goog:chromeOptions: {debuggerAddress: localhost:57371}, javascriptEnabled: true, networkConnectionEnabled: false, pageLoadStrategy: normal, platform: WINDOWS, platformName: WINDOWS, proxy: Proxy(), setWindowRect: true, strictFileInteractability: false, timeouts: {implicit: 0, pageLoad: 300000, script: 30000}, unhandledPromptBehavior: dismiss and notify, webauthn:extension:credBlob: true, webauthn:extension:largeBlob: true, webauthn:virtualAuthenticators: true}
Session ID: 2bbdec5126d7a4e5538582f00c0e8cbf
*** Element info: {Using=id, value=divUsername}
at org.openqa.selenium.remote.http.W3CHttpResponseCodec.createException(W3CHttpResponseCodec.java:187)
at org.openqa.selenium.remote.http.W3CHttpResponseCodec.decode(W3CHttpResponseCodec.java:122)
at org.openqa.selenium.remote.http.W3CHttpResponseCodec.decode(W3CHttpResponseCodec.java:49)
at org.openqa.selenium.remote.HttpCommandExecutor.execute(HttpCommandExecutor.java:158)
at org.openqa.selenium.remote.service.DriverCommandExecutor.execute(DriverCommandExecutor.java:83)
at org.openqa.selenium.remote.RemoteWebDriver.execute(RemoteWebDriver.java:548)
at org.openqa.selenium.remote.RemoteWebDriver.findElement(RemoteWebDriver.java:322)
at org.openqa.selenium.remote.RemoteWebDriver.findElementById(RemoteWebDriver.java:368)
at org.openqa.selenium.By$ById.findElement(By.java:188)
at org.openqa.selenium.remote.RemoteWebDriver.findElement(RemoteWebDriver.java:314)
at NetShipPackage.BaseInit.Logout(BaseInit.java:81)
... Removed 29 stack frames]]>
    </failure>
  </testcase> <!-- @AfterTest Logout -->
  <testcase classname="NetShipPackage.NetShipAll" name="ActiveOrder" time="82.315">
    <failure type="org.openqa.selenium.NoSuchWindowException" message="no such window: window was already closed
  (Session info: chrome=98.0.4758.102)
Build info: version: &amp;apos;3.13.0&amp;apos;, revision: &amp;apos;2f0d292&amp;apos;, time: &amp;apos;2018-06-25T15:32:14.902Z&amp;apos;
System info: host: &amp;apos;SIPL92&amp;apos;, ip: &amp;apos;10.212.130.152&amp;apos;, os.name: &amp;apos;Windows 10&amp;apos;, os.arch: &amp;apos;amd64&amp;apos;, os.version: &amp;apos;10.0&amp;apos;, java.version: &amp;apos;16.0.2&amp;apos;
Driver info: org.openqa.selenium.chrome.ChromeDriver
Capabilities {acceptInsecureCerts: false, browserName: chrome, browserVersion: 98.0.4758.102, chrome: {chromedriverVersion: 98.0.4758.80 (7f0488e8ba0d8..., userDataDir: C:\Users\RPRAJA~1\AppData\L...}, goog:chromeOptions: {debuggerAddress: localhost:57371}, javascriptEnabled: true, networkConnectionEnabled: false, pageLoadStrategy: normal, platform: WINDOWS, platformName: WINDOWS, proxy: Proxy(), setWindowRect: true, strictFileInteractability: false, timeouts: {implicit: 0, pageLoad: 300000, script: 30000}, unhandledPromptBehavior: dismiss and notify, webauthn:extension:credBlob: true, webauthn:extension:largeBlob: true, webauthn:virtualAuthenticators: true}
Session ID: 2bbdec5126d7a4e5538582f00c0e8cbf
*** Element info: {Using=id, value=PickupId_N3283672}">
      <![CDATA[org.openqa.selenium.NoSuchWindowException: no such window: window was already closed
  (Session info: chrome=98.0.4758.102)
Build info: version: '3.13.0', revision: '2f0d292', time: '2018-06-25T15:32:14.902Z'
System info: host: 'SIPL92', ip: '10.212.130.152', os.name: 'Windows 10', os.arch: 'amd64', os.version: '10.0', java.version: '16.0.2'
Driver info: org.openqa.selenium.chrome.ChromeDriver
Capabilities {acceptInsecureCerts: false, browserName: chrome, browserVersion: 98.0.4758.102, chrome: {chromedriverVersion: 98.0.4758.80 (7f0488e8ba0d8..., userDataDir: C:\Users\RPRAJA~1\AppData\L...}, goog:chromeOptions: {debuggerAddress: localhost:57371}, javascriptEnabled: true, networkConnectionEnabled: false, pageLoadStrategy: normal, platform: WINDOWS, platformName: WINDOWS, proxy: Proxy(), setWindowRect: true, strictFileInteractability: false, timeouts: {implicit: 0, pageLoad: 300000, script: 30000}, unhandledPromptBehavior: dismiss and notify, webauthn:extension:credBlob: true, webauthn:extension:largeBlob: true, webauthn:virtualAuthenticators: true}
Session ID: 2bbdec5126d7a4e5538582f00c0e8cbf
*** Element info: {Using=id, value=PickupId_N3283672}
at org.openqa.selenium.remote.http.W3CHttpResponseCodec.createException(W3CHttpResponseCodec.java:187)
at org.openqa.selenium.remote.http.W3CHttpResponseCodec.decode(W3CHttpResponseCodec.java:122)
at org.openqa.selenium.remote.http.W3CHttpResponseCodec.decode(W3CHttpResponseCodec.java:49)
at org.openqa.selenium.remote.HttpCommandExecutor.execute(HttpCommandExecutor.java:158)
at org.openqa.selenium.remote.service.DriverCommandExecutor.execute(DriverCommandExecutor.java:83)
at org.openqa.selenium.remote.RemoteWebDriver.execute(RemoteWebDriver.java:548)
at org.openqa.selenium.remote.RemoteWebDriver.findElements(RemoteWebDriver.java:349)
at org.openqa.selenium.remote.RemoteWebDriver.findElementsById(RemoteWebDriver.java:372)
at org.openqa.selenium.By$ById.findElements(By.java:180)
at org.openqa.selenium.remote.RemoteWebDriver.findElements(RemoteWebDriver.java:310)
at NetShipPackage.NetShipAll.ActiveOrder(NetShipAll.java:268)
at java.base/java.util.ArrayList.forEach(ArrayList.java:1511)
... Removed 32 stack frames]]>
    </failure>
  </testcase> <!-- ActiveOrder -->
  <testcase classname="NetShipPackage.NetShipAll" name="Documents" time="0.0">
    <ignored/>
  </testcase> <!-- Documents -->
  <testcase classname="NetShipPackage.NetShipAll" name="UserPrefrence0" time="0.0">
    <ignored/>
  </testcase> <!-- UserPrefrence0 -->
  <testcase classname="NetShipPackage.NetShipAll" name="Temp1" time="0.0">
    <ignored/>
  </testcase> <!-- Temp1 -->
  <testcase classname="NetShipPackage.NetShipAll" name="BasicSearch1" time="0.0">
    <ignored/>
  </testcase> <!-- BasicSearch1 -->
  <testcase classname="NetShipPackage.NetShipAll" name="UserPrefrence1" time="0.0">
    <ignored/>
  </testcase> <!-- UserPrefrence1 -->
  <testcase classname="NetShipPackage.NetShipAll" name="BasicSearch0" time="0.0">
    <ignored/>
  </testcase> <!-- BasicSearch0 -->
  <testcase classname="NetShipPackage.NetShipAll" name="BasicSearch2" time="0.0">
    <ignored/>
  </testcase> <!-- BasicSearch2 -->
  <testcase classname="NetShipPackage.NetShipAll" name="ForgetPassword" time="0.0">
    <ignored/>
  </testcase> <!-- ForgetPassword -->
  <testcase classname="NetShipPackage.NetShipAll" name="FlightView" time="0.0">
    <ignored/>
  </testcase> <!-- FlightView -->
  <testcase classname="NetShipPackage.NetShipAll" name="RecentDelivery" time="0.0">
    <ignored/>
  </testcase> <!-- RecentDelivery -->
  <testcase classname="NetShipPackage.NetShipAll" name="ShipPackage" time="0.0">
    <ignored/>
  </testcase> <!-- ShipPackage -->
  <testcase classname="NetShipPackage.NetShipAll" name="OrderPrefrence0" time="0.0">
    <ignored/>
  </testcase> <!-- OrderPrefrence0 -->
  <testcase classname="NetShipPackage.NetShipAll" name="ASNLog" time="0.0">
    <ignored/>
  </testcase> <!-- ASNLog -->
  <testcase classname="NetShipPackage.NetShipAll" name="ContactUS" time="0.0">
    <ignored/>
  </testcase> <!-- ContactUS -->
  <testcase classname="NetShipPackage.NetShipAll" name="ManageBatchOrders" time="0.0">
    <ignored/>
  </testcase> <!-- ManageBatchOrders -->
  <testcase classname="NetShipPackage.NetShipAll" name="AddressBook" time="0.0">
    <ignored/>
  </testcase> <!-- AddressBook -->
  <testcase classname="NetShipPackage.NetShipAll" name="LookUpShipment" time="0.0">
    <ignored/>
  </testcase> <!-- LookUpShipment -->
  <testcase classname="NetShipPackage.NetShipAll" name="WatchList" time="0.0">
    <ignored/>
  </testcase> <!-- WatchList -->
  <testcase classname="NetShipPackage.NetShipAll" name="CreateASN" time="0.0">
    <ignored/>
  </testcase> <!-- CreateASN -->
  <testcase classname="NetShipPackage.NetShipAll" name="ReorderLog" time="0.0">
    <ignored/>
  </testcase> <!-- ReorderLog -->
  <testcase classname="NetShipPackage.NetShipAll" name="ViewInvoice" time="0.0">
    <ignored/>
  </testcase> <!-- ViewInvoice -->
  <testcase classname="NetShipPackage.NetShipAll" name="AllReports" time="0.0">
    <ignored/>
  </testcase> <!-- AllReports -->
  <testcase classname="NetShipPackage.NetShipAll" name="UserProfile" time="0.0">
    <ignored/>
  </testcase> <!-- UserProfile -->
  <testcase classname="NetShipPackage.NetShipAll" name="ConsigneeAddrImport" time="0.0">
    <ignored/>
  </testcase> <!-- ConsigneeAddrImport -->
  <testcase classname="NetShipPackage.NetShipAll" name="NewsANDAnnouncements" time="0.0">
    <ignored/>
  </testcase> <!-- NewsANDAnnouncements -->
</testsuite> <!-- NetShipSmoke -->
