<?xml version="1.0" encoding="UTF-8"?>
<!-- Generated by org.testng.reporters.JUnitXMLReporter -->
<testsuite ignored="25" hostname="SIPL92" failures="1" tests="1" name="NetShipSmoke" time="33.401" errors="0" timestamp="2022-03-08T12:12:13 IST">
  <testcase classname="NetShipPackage.NetShipAll" name="WatchList" time="0.156">
    <failure type="java.io.FileNotFoundException" message="D.\DataFiles\NetShipWatchListSTG.xlsx (The system cannot find the path specified)">
      <![CDATA[java.io.FileNotFoundException: D.\DataFiles\NetShipWatchListSTG.xlsx (The system cannot find the path specified)
at java.base/java.io.FileInputStream.open0(Native Method)
at java.base/java.io.FileInputStream.open(FileInputStream.java:211)
at java.base/java.io.FileInputStream.<init>(FileInputStream.java:153)
at NetShipPackage.NetShipAll.WatchList(NetShipAll.java:968)
at java.base/java.util.ArrayList.forEach(ArrayList.java:1511)
... Removed 27 stack frames]]>
    </failure>
  </testcase> <!-- WatchList -->
  <testcase classname="NetShipPackage.NetShipAll" name="Documents" time="0.0">
    <ignored/>
  </testcase> <!-- Documents -->
  <testcase classname="NetShipPackage.NetShipAll" name="UserPrefrence0" time="0.0">
    <ignored/>
  </testcase> <!-- UserPrefrence0 -->
  <testcase classname="NetShipPackage.NetShipAll" name="Temp1" time="0.0">
    <ignored/>
  </testcase> <!-- Temp1 -->
  <testcase classname="NetShipPackage.NetShipAll" name="BasicSearch1" time="0.0">
    <ignored/>
  </testcase> <!-- BasicSearch1 -->
  <testcase classname="NetShipPackage.NetShipAll" name="UserPrefrence1" time="0.0">
    <ignored/>
  </testcase> <!-- UserPrefrence1 -->
  <testcase classname="NetShipPackage.NetShipAll" name="BasicSearch0" time="0.0">
    <ignored/>
  </testcase> <!-- BasicSearch0 -->
  <testcase classname="NetShipPackage.NetShipAll" name="BasicSearch2" time="0.0">
    <ignored/>
  </testcase> <!-- BasicSearch2 -->
  <testcase classname="NetShipPackage.NetShipAll" name="ForgetPassword" time="0.0">
    <ignored/>
  </testcase> <!-- ForgetPassword -->
  <testcase classname="NetShipPackage.NetShipAll" name="FlightView" time="0.0">
    <ignored/>
  </testcase> <!-- FlightView -->
  <testcase classname="NetShipPackage.NetShipAll" name="RecentDelivery" time="0.0">
    <ignored/>
  </testcase> <!-- RecentDelivery -->
  <testcase classname="NetShipPackage.NetShipAll" name="ShipPackage" time="0.0">
    <ignored/>
  </testcase> <!-- ShipPackage -->
  <testcase classname="NetShipPackage.NetShipAll" name="OrderPrefrence0" time="0.0">
    <ignored/>
  </testcase> <!-- OrderPrefrence0 -->
  <testcase classname="NetShipPackage.NetShipAll" name="ASNLog" time="0.0">
    <ignored/>
  </testcase> <!-- ASNLog -->
  <testcase classname="NetShipPackage.NetShipAll" name="ContactUS" time="0.0">
    <ignored/>
  </testcase> <!-- ContactUS -->
  <testcase classname="NetShipPackage.NetShipAll" name="ManageBatchOrders" time="0.0">
    <ignored/>
  </testcase> <!-- ManageBatchOrders -->
  <testcase classname="NetShipPackage.NetShipAll" name="AddressBook" time="0.0">
    <ignored/>
  </testcase> <!-- AddressBook -->
  <testcase classname="NetShipPackage.NetShipAll" name="ActiveOrder" time="0.0">
    <ignored/>
  </testcase> <!-- ActiveOrder -->
  <testcase classname="NetShipPackage.NetShipAll" name="LookUpShipment" time="0.0">
    <ignored/>
  </testcase> <!-- LookUpShipment -->
  <testcase classname="NetShipPackage.NetShipAll" name="CreateASN" time="0.0">
    <ignored/>
  </testcase> <!-- CreateASN -->
  <testcase classname="NetShipPackage.NetShipAll" name="ReorderLog" time="0.0">
    <ignored/>
  </testcase> <!-- ReorderLog -->
  <testcase classname="NetShipPackage.NetShipAll" name="ViewInvoice" time="0.0">
    <ignored/>
  </testcase> <!-- ViewInvoice -->
  <testcase classname="NetShipPackage.NetShipAll" name="AllReports" time="0.0">
    <ignored/>
  </testcase> <!-- AllReports -->
  <testcase classname="NetShipPackage.NetShipAll" name="UserProfile" time="0.0">
    <ignored/>
  </testcase> <!-- UserProfile -->
  <testcase classname="NetShipPackage.NetShipAll" name="ConsigneeAddrImport" time="0.0">
    <ignored/>
  </testcase> <!-- ConsigneeAddrImport -->
  <testcase classname="NetShipPackage.NetShipAll" name="NewsANDAnnouncements" time="0.0">
    <ignored/>
  </testcase> <!-- NewsANDAnnouncements -->
</testsuite> <!-- NetShipSmoke -->
